Arguments: 
  C:\Program Files\nodejs\node.exe C:\Program Files (x86)\Yarn\bin\yarn.js add -D postcss-loader

PATH: 
  C:\CMDer\bin;C:\CMDer\vendor\conemu-maximus5\ConEmu\Scripts;C:\CMDer\vendor\conemu-maximus5;C:\CMDer\vendor\conemu-maximus5\ConEmu;C:\Program Files\Docker\Docker\Resources\bin;C:\Program Files (x86)\NVIDIA Corporation\PhysX\Common;C:\WINDOWS\system32;C:\WINDOWS;C:\WINDOWS\System32\Wbem;C:\WINDOWS\System32\WindowsPowerShell\v1.0\;C:\xampp\php;C:\composer;C:\Program Files (x86)\Bitvise SSH Client;C:\WP-CLI\;C:\Program Files\wkhtmltopdf\bin;C:\ProgramData\chocolatey\bin;C:\ngrok;C:\Program Files\dotnet\;C:\Program Files\Git\cmd;C:\Program Files (x86)\LINQPad5;C:\Program Files (x86)\MSBuild\14.0\Bin\amd64;C:\Windows\Microsoft.NET\Framework\v4.0.30319;C:\Program Files\TortoiseSVN\bin;C:\Program Files\Microsoft VS Code\bin;C:\WINDOWS\System32\OpenSSH\;C:\Program Files (x86)\Yarn\bin\;C:\Program Files\nodejs\;C:\Program Files\Docker\Docker\Resources\bin;C:\Program Files (x86)\NVIDIA Corporation\PhysX\Common;C:\WINDOWS\system32;C:\WINDOWS;C:\WINDOWS\System32\Wbem;C:\WINDOWS\System32\WindowsPowerShell\v1.0\;C:\xampp\php;C:\composer;C:\Program Files (x86)\Bitvise SSH Client;C:\WP-CLI\;C:\Program Files\wkhtmltopdf\bin;C:\ProgramData\chocolatey\bin;C:\ngrok;C:\Program Files\dotnet\;C:\Program Files\Git\cmd;C:\Program Files (x86)\LINQPad5;C:\Program Files (x86)\MSBuild\14.0\Bin\amd64;C:\Windows\Microsoft.NET\Framework\v4.0.30319;C:\Program Files\TortoiseSVN\bin;C:\Program Files\Microsoft VS Code\bin;C:\WINDOWS\System32\OpenSSH\;C:\Program Files (x86)\Yarn\bin\;C:\Program Files\nodejs\;C:\Users\moein\.dnx\bin;C:\Program Files\Microsoft DNX\Dnvm\;C:\Program Files\Microsoft SQL Server\120\Tools\Binn\;C:\Windows\system32;C:\Windows;C:\Windows\System32\Wbem;C:\Windows\System32\WindowsPowerShell\v1.0\;C:\Program Files (x86)\Yarn\bin;C:\Users\moein\AppData\Local\Microsoft\WindowsApps;C:\Users\moein\AppData\Roaming\Composer\vendor\bin;C:\xampp\php\;C:\Users\moein\AppData\Local\GitHubDesktop\bin;C:\Users\moein\AppData\Local\Programs\Fiddler;C:\Users\moein\AppData\Local\Turbo\Cmd\;C:\Program Files\Docker Toolbox;C:\Users\moein\AppData\Local\Yarn\bin;C:\Users\moein\AppData\Roaming\npm;C:\Program Files\Git\mingw64;C:\Program Files\Git\usr\bin;C:\CMDer

Yarn version: 
  1.9.2

Node version: 
  8.11.3

Platform: 
  win32 x64

Trace: 
  Error: EPERM: operation not permitted, unlink 'e:\xampp\htdocs\wordpress-dev\wp-content\plugins\smsir-wordpress\node_modules\node-sass\vendor\win32-x64-57\binding.node'

npm manifest: 
  {
    "name": "smsir-wordpress",
    "version": "0.1.0",
    "description": "Official sms.ir wordpress plugin",
    "main": "index.js",
    "scripts": {
      "test": "echo \"Error: no test specified\" && exit 1",
      "dev": "webpack --watch",
      "build": "webpack"
    },
    "repository": {
      "type": "git",
      "url": "git+https://github.com/TrueMoein/smsir-wordpress.git"
    },
    "author": "Moein Alizadeh",
    "license": "ISC",
    "bugs": {
      "url": "https://github.com/TrueMoein/smsir-wordpress/issues"
    },
    "homepage": "https://github.com/TrueMoein/smsir-wordpress#readme",
    "devDependencies": {
      "@babel/core": "^7.0.0-beta.56",
      "@babel/preset-env": "^7.0.0-beta.56",
      "babel-loader": "^8.0.0-beta",
      "css-loader": "^1.0.0",
      "file-loader": "^1.1.11",
      "node-sass": "^4.9.2",
      "optimize-css-assets-webpack-plugin": "^5.0.0",
      "sass-loader": "^7.1.0",
      "style-loader": "^0.22.0",
      "uglifyjs-webpack-plugin": "^1.2.7",
      "url-loader": "^1.0.1",
      "webpack": "^4.16.5",
      "webpack-cli": "^3.1.0",
      "mini-css-extract-plugin": "^0.4.1"
    },
    "dependencies": {
      "vue": "^2.5.17"
    }
  }

yarn manifest: 
  No manifest

Lockfile: 
  No lockfile
